app_SQL/app/build/intermediates/manifest_merge_blame_file/debug/manifest-merger-blame-debug-report.txt
1<?xml version="1.0" encoding="utf-8"?>
2<manifest xmlns:android="http://schemas.android.com/apk/res/android"
3    package="com.example.appparcial"
4    android:versionCode="1"
5    android:versionName="1.0" >
6
7    <uses-sdk
8        android:minSdkVersion="24"
8-->src\main\AndroidManifest.xml
9        android:targetSdkVersion="29" />
9-->src\main\AndroidManifest.xml
10
11    <application
11-->src\main\AndroidManifest.xml:5:5-35:19
12        android:allowBackup="true"
12-->src\main\AndroidManifest.xml:6:9-35
13        android:appComponentFactory="androidx.core.app.CoreComponentFactory"
13-->[androidx.core:core:1.2.0] AndroidManifest.xml:24:18-86
14        android:debuggable="true"
15        android:extractNativeLibs="false"
16        android:icon="@mipmap/ic_launcher"
16-->src\main\AndroidManifest.xml:7:9-43
17        android:label="@string/app_name"
17-->src\main\AndroidManifest.xml:8:9-41
18        android:roundIcon="@mipmap/ic_launcher_round"
18-->src\main\AndroidManifest.xml:9:9-54
19        android:supportsRtl="true"
19-->src\main\AndroidManifest.xml:10:9-35
20        android:theme="@style/AppTheme" >
20-->src\main\AndroidManifest.xml:11:9-40
21        <activity android:name="com.example.appparcial.Listado_Usuarios" />
21-->src\main\AndroidManifest.xml:12:9-63
21-->src\main\AndroidManifest.xml:12:19-51
22        <activity android:name="com.example.appparcial.usuario" />
22-->src\main\AndroidManifest.xml:13:9-45
22-->src\main\AndroidManifest.xml:13:19-42
23        <activity android:name="com.example.appparcial.Admin_Base_de_Datos" />
23-->src\main\AndroidManifest.xml:14:9-57
23-->src\main\AndroidManifest.xml:14:19-54
24        <activity android:name="com.example.appparcial.Historial_Numero_Secreto" />
24-->src\main\AndroidManifest.xml:15:9-62
24-->src\main\AndroidManifest.xml:15:19-59
25        <activity android:name="com.example.appparcial.Historial_Contador" />
25-->src\main\AndroidManifest.xml:16:9-56
25-->src\main\AndroidManifest.xml:16:19-53
26        <activity android:name="com.example.appparcial.Registro_Ok" />
26-->src\main\AndroidManifest.xml:17:9-49
26-->src\main\AndroidManifest.xml:17:19-46
27        <activity android:name="com.example.appparcial.registro" />
27-->src\main\AndroidManifest.xml:18:9-46
27-->src\main\AndroidManifest.xml:18:19-43
28        <activity android:name="com.example.appparcial.instructivo_numerosecreto" />
28-->src\main\AndroidManifest.xml:19:9-63
28-->src\main\AndroidManifest.xml:19:19-60
29        <activity android:name="com.example.appparcial.instructivo_contador" />
29-->src\main\AndroidManifest.xml:20:9-58
29-->src\main\AndroidManifest.xml:20:19-55
30        <activity
30-->src\main\AndroidManifest.xml:21:9-29:20
31            android:name="com.example.appparcial.MainActivity"
31-->src\main\AndroidManifest.xml:22:13-41
32            android:theme="@style/SplashTheme" >
32-->src\main\AndroidManifest.xml:23:13-47
33            <intent-filter>
33-->src\main\AndroidManifest.xml:24:13-28:29
34                <action android:name="android.intent.action.MAIN" />
34-->src\main\AndroidManifest.xml:25:17-69
34-->src\main\AndroidManifest.xml:25:25-66
35
36                <category android:name="android.intent.category.LAUNCHER" />
36-->src\main\AndroidManifest.xml:27:17-77
36-->src\main\AndroidManifest.xml:27:27-74
37            </intent-filter>
38        </activity>
39        <activity android:name="com.example.appparcial.numeroSecreto" />
39-->src\main\AndroidManifest.xml:30:9-51
39-->src\main\AndroidManifest.xml:30:19-48
40        <activity android:name="com.example.appparcial.contador" />
40-->src\main\AndroidManifest.xml:31:9-46
40-->src\main\AndroidManifest.xml:31:19-43
41        <activity android:name="com.example.appparcial.juegos" />
41-->src\main\AndroidManifest.xml:32:9-44
41-->src\main\AndroidManifest.xml:32:19-41
42        <activity android:name="com.example.appparcial.datosPersonales" />
42-->src\main\AndroidManifest.xml:33:9-53
42-->src\main\AndroidManifest.xml:33:19-50
43        <activity android:name="com.example.appparcial.splashScreen" />
43-->src\main\AndroidManifest.xml:34:9-50
43-->src\main\AndroidManifest.xml:34:19-47
44    </application>
45
46</manifest>